2006 Jul 28 13:29:53:378 GMT -4 SyslogAdapterInstance Info [Application] Syslog-20000 "info: Starting Syslog Adapter" 
2006 Jul 28 13:29:53:488 GMT -4 SyslogAdapterInstance Info [Application] Syslog-20000 "info: starting Syslog Stack" 
2006 Jul 28 13:29:53:560 GMT -4 SyslogAdapterInstance Info [Application] Syslog-20000 "info: Apps loaded !" 
2006 Jul 28 13:29:55:764 GMT -4 SyslogAdapterInstance Info [Application] Syslog-20000 "info: got SyslgMessage1) syslog msg" 
2006 Jul 28 13:29:57:569 GMT -4 SyslogAdapterInstance Info [Application] Syslog-20000 "info: got SyslgMessage2) syslog msg" 
2006 Jul 28 15:41:27:298 GMT -4 SyslogAdapterInstance Info [Application] Syslog-20000 "info: Starting Syslog Adapter" 
2006 Jul 28 15:41:27:318 GMT -4 SyslogAdapterInstance Info [Application] Syslog-20000 "info: starting Syslog Stack" 
2006 Jul 28 15:41:27:328 GMT -4 SyslogAdapterInstance Info [Application] Syslog-20000 "info: Apps loaded !" 
2006 Jul 28 15:41:29:321 GMT -4 SyslogAdapterInstance Info [Application] Syslog-20000 "info: got SyslgMessage1) syslog msg" 
2006 Jul 28 15:41:31:324 GMT -4 SyslogAdapterInstance Info [Application] Syslog-20000 "info: got SyslgMessage2) syslog msg" 
2006 Jul 28 15:41:33:316 GMT -4 SyslogAdapterInstance Info [Application] Syslog-20000 "info: got SyslgMessage3) syslog msg" 
2006 Jul 28 15:41:35:319 GMT -4 SyslogAdapterInstance Info [Application] Syslog-20000 "info: got SyslgMessage4) syslog msg" 
2006 Aug 01 10:03:06:280 GMT -4 SyslogAdapterInstance Info [Application] Syslog-20000 "info: Starting Syslog Adapter" 
2006 Aug 01 10:03:06:390 GMT -4 SyslogAdapterInstance Info [Application] Syslog-20000 "info: Hawk Microagent 'SyslogHawkMicroAgent' started !" 
2006 Aug 01 10:03:06:540 GMT -4 SyslogAdapterInstance Info [Application] Syslog-20000 "info: starting Syslog Stack" 
2006 Aug 01 10:03:06:550 GMT -4 SyslogAdapterInstance Info [Application] Syslog-20000 "info: Hawk Microagent 'SyslogHawkMicroAgent' started !" 
2006 Aug 01 10:03:06:560 GMT -4 SyslogAdapterInstance Info [Application] Syslog-20000 "info: Apps loaded !" 
2006 Aug 01 10:03:08:603 GMT -4 SyslogAdapterInstance Info [Application] Syslog-20000 "info: got SyslgMessage1) syslog msg" 
2006 Aug 01 10:03:10:596 GMT -4 SyslogAdapterInstance Info [Application] Syslog-20000 "info: got SyslgMessage2) syslog msg" 
2006 Aug 01 10:03:12:599 GMT -4 SyslogAdapterInstance Info [Application] Syslog-20000 "info: got SyslgMessage3) syslog msg" 
2006 Aug 01 10:03:14:622 GMT -4 SyslogAdapterInstance Info [Application] Syslog-20000 "info: got SyslgMessage4) syslog msg" 
2006 Aug 01 10:03:16:614 GMT -4 SyslogAdapterInstance Info [Application] Syslog-20000 "info: got SyslgMessage5) syslog msg" 
2006 Aug 01 10:03:18:597 GMT -4 SyslogAdapterInstance Info [Application] Syslog-20000 "info: got SyslgMessage6) syslog msg" 
